* using log directory 'C:/Users/ThinkPad/Downloads/package/bannerji.Rcheck'
* using R version 3.6.2 (2019-12-12)
* using platform: x86_64-w64-mingw32 (64-bit)
* using session charset: ISO8859-1
* using options '--no-manual --as-cran'
* checking for file 'bannerji/DESCRIPTION' ... OK
* checking extension type ... Package
* this is package 'bannerji' version '0.1.0'
* package encoding: UTF-8
* checking package namespace information ... OK
* checking package dependencies ... OK
* checking if this is a source package ... OK
* checking if there is a namespace ... OK
* checking for executable files ... OK
* checking for hidden files and directories ... OK
* checking for portable file names ... OK
* checking serialization versions ... OK
* checking whether package 'bannerji' can be installed ... WARNING
Found the following significant warnings:
  Warning: unable to re-encode 'plotMyTraits.R' line 48
See 'C:/Users/ThinkPad/Downloads/package/bannerji.Rcheck/00install.out' for details.
* checking installed package size ... OK
* checking package directory ... OK
* checking for future file timestamps ... OK
* checking DESCRIPTION meta-information ... NOTE
License components which are templates and need '+ file LICENSE':
  MIT
* checking top-level files ... OK
* checking for left-over files ... OK
* checking index information ... OK
* checking package subdirectories ... OK
* checking R files for non-ASCII characters ... WARNING
Found the following file with non-ASCII characters:
  plotMyTraits.R
Portable packages must use only ASCII characters in their R code,
except perhaps in comments.
Use \uxxxx escapes for other characters.
* checking R files for syntax errors ... OK
* checking whether the package can be loaded ... OK
* checking whether the package can be loaded with stated dependencies ... OK
* checking whether the package can be unloaded cleanly ... OK
* checking whether the namespace can be loaded with stated dependencies ... OK
* checking whether the namespace can be unloaded cleanly ... OK
* checking loading without being on the library search path ... OK
* checking dependencies in R code ... OK
* checking S3 generic/method consistency ... OK
* checking replacement functions ... OK
* checking foreign function calls ... OK
* checking R code for possible problems ... OK
* checking Rd files ... OK
* checking Rd metadata ... OK
* checking Rd line widths ... OK
* checking Rd cross-references ... OK
* checking for missing documentation entries ... OK
* checking for code/documentation mismatches ... WARNING
Functions or methods with usage in documentation object 'displayAllTraits' but not in code:
  'displayAllTraits'

Functions or methods with usage in documentation object 'plotMyTraits' but not in code:
  'plotMyTraits'

Functions or methods with usage in documentation object 'traitsLookup' but not in code:
  'traitsLookup'

* checking Rd \usage sections ... WARNING
Documented arguments not in \usage in documentation object 'displayAllTraits':
  '()'

Undocumented arguments in documentation object 'plotMyTraits'
  'traits'
Documented arguments not in \usage in documentation object 'plotMyTraits':
  'c("trait1"' '"trait2"' '"trait3"' '"trait4")'

Documented arguments not in \usage in documentation object 'traitsLookup':
  '()'

Functions with \usage entries need to have the appropriate \alias
entries, and all their arguments documented.
The \usage entries must correspond to syntactically valid R code.
See chapter 'Writing R documentation files' in the 'Writing R
Extensions' manual.
* checking Rd contents ... OK
* checking for unstated dependencies in examples ... OK
* checking examples ... NONE
* checking for detritus in the temp directory ... OK
* DONE
Status: 4 WARNINGs, 1 NOTE
